<!DOCTYPE html PUBLIC "-//W3C//DTD XHTML 1.1//EN" "https://www.w3.org/TR/xhtml11/DTD/xhtml11.dtd">
<html xmlns="https://www.w3.org/1999/xhtml">
<head>
<meta http-equiv="content-type" content="text/html; charset=UTF-8"/>
<title>TestNG Report</title>
<style type="text/css">table {margin-bottom:10px;border-collapse:collapse;empty-cells:show}th,td {border:1px solid #009;padding:.25em .5em}th {vertical-align:bottom}td {vertical-align:top}table a {font-weight:bold}.stripe td {background-color: #E6EBF9}.num {text-align:right}.passedodd td {background-color: #3F3}.passedeven td {background-color: #0A0}.skippedodd td {background-color: #DDD}.skippedeven td {background-color: #CCC}.failedodd td,.attn {background-color: #F33}.failedeven td,.stripe .attn {background-color: #D00}.stacktrace {white-space:pre;font-family:monospace}.totop {font-size:85%;text-align:center;border-bottom:2px solid #000}.invisible {display:none}</style>
</head>
<body>
<table>
<tr><th>Test</th><th># Passed</th><th># Skipped</th><th># Retried</th><th># Failed</th><th>Time (ms)</th><th>Included Groups</th><th>Excluded Groups</th></tr>
<tr><th colspan="8">smokeSuite</th></tr>
<tr><td><a href="#t0">run on firefox</a></td><td class="num">0</td><td class="num attn">1</td><td class="num">0</td><td class="num">0</td><td class="num">52</td><td></td><td></td></tr>
<tr class="stripe"><td><a href="#t1">run on chrome</a></td><td class="num">0</td><td class="num attn">3</td><td class="num">0</td><td class="num attn">1</td><td class="num">28,132</td><td></td><td></td></tr>
<tr><th>Total</th><th class="num">0</th><th class="num attn">4</th><th class="num">0</th><th class="num attn">1</th><th class="num">28,184</th><th colspan="2"></th></tr>
</table>
<table id='summary'><thead><tr><th>Class</th><th>Method</th><th>Start</th><th>Time (ms)</th></tr></thead><tbody><tr><th colspan="4">smokeSuite</th></tr></tbody><tbody id="t0"><tr><th colspan="4">run on firefox &#8212; failed (configuration methods)</th></tr><tr class="failedeven"><td rowspan="1">com.eva.vtiger.testscript.smoke1.LeadsSmokeTestCase1</td><td><a href="#m0">connectToDB</a></td><td rowspan="1">1722690049544</td><td rowspan="1">4</td></tr><tr><th colspan="4">run on firefox &#8212; skipped (configuration methods)</th></tr><tr class="skippedeven"><td rowspan="5">com.eva.vtiger.testscript.smoke1.LeadsSmokeTestCase1</td><td><a href="#m1">afterClass</a></td><td rowspan="1">1722690049591</td><td rowspan="1">-1722690049591</td></tr><tr class="skippedeven"><td><a href="#m2">afterTestCase</a></td><td rowspan="1">1722690049587</td><td rowspan="1">-1722690049587</td></tr><tr class="skippedeven"><td><a href="#m3">beforeClass</a></td><td rowspan="1">1722690049571</td><td rowspan="1">-1722690049571</td></tr><tr class="skippedeven"><td><a href="#m4">disconnectFromDB</a></td><td rowspan="1">1722690049594</td><td rowspan="1">-1722690049594</td></tr><tr class="skippedeven"><td><a href="#m5">hitURLAndLogin</a></td><td rowspan="1">1722690049581</td><td rowspan="1">-1722690049581</td></tr><tr><th colspan="4">run on firefox &#8212; skipped</th></tr><tr class="skippedeven"><td rowspan="1">com.eva.vtiger.testscript.smoke1.LeadsSmokeTestCase1</td><td><a href="#m6">verifySearchLeads</a></td><td rowspan="1">1722690049583</td><td rowspan="1">0</td></tr></tbody>
<tbody id="t1"><tr><th colspan="4">run on chrome &#8212; failed (configuration methods)</th></tr><tr class="failedeven"><td rowspan="1">com.eva.vtiger.testscript.smoke1.ContactsSmokeTestCase1</td><td><a href="#m7">afterTestCase</a></td><td rowspan="1">1722690061841</td><td rowspan="1">15</td></tr><tr><th colspan="4">run on chrome &#8212; failed</th></tr><tr class="failedeven"><td rowspan="1">com.eva.vtiger.testscript.smoke1.ContactsSmokeTestCase1</td><td><a href="#m8">verifyCreateContacts</a></td><td rowspan="1">1722690054996</td><td rowspan="1">6830</td></tr><tr><th colspan="4">run on chrome &#8212; skipped (configuration methods)</th></tr><tr class="skippedeven"><td rowspan="7">com.eva.vtiger.testscript.smoke1.ContactsSmokeTestCase1</td><td><a href="#m9">afterClass</a></td><td rowspan="1">1722690061904</td><td rowspan="1">-1722690061904</td></tr><tr class="skippedeven"><td><a href="#m10">afterTestCase</a></td><td rowspan="3">1722690061897</td><td rowspan="3">-1722690061897</td></tr><tr class="skippedeven"><td><a href="#m11">afterTestCase</a></td></tr><tr class="skippedeven"><td><a href="#m12">afterTestCase</a></td></tr><tr class="skippedeven"><td><a href="#m13">hitURLAndLogin</a></td><td rowspan="3">1722690061879</td><td rowspan="3">-1722690061879</td></tr><tr class="skippedeven"><td><a href="#m14">hitURLAndLogin</a></td></tr><tr class="skippedeven"><td><a href="#m15">hitURLAndLogin</a></td></tr><tr><th colspan="4">run on chrome &#8212; skipped</th></tr><tr class="skippedeven"><td rowspan="3">com.eva.vtiger.testscript.smoke1.ContactsSmokeTestCase1</td><td><a href="#m16">verifyDeleteContacts</a></td><td rowspan="1">1722690061893</td><td rowspan="1">0</td></tr><tr class="skippedeven"><td><a href="#m17">verifyDetailContacts</a></td><td rowspan="1">1722690061883</td><td rowspan="1">0</td></tr><tr class="skippedeven"><td><a href="#m18">verifySearchContacts</a></td><td rowspan="1">1722690061869</td><td rowspan="1">0</td></tr></tbody>
</table>
<h2>run on firefox</h2><h3 id="m0">com.eva.vtiger.testscript.smoke1.LeadsSmokeTestCase1#connectToDB</h3><table class="result"><tr class="param"><th>Parameter #1</th></tr><tr class="param stripe"><td>LeadsSmokeTestCase</td></tr><tr><th>Exception</th></tr><tr><td><div class="stacktrace">java.lang.NullPointerException: Cannot invoke &quot;com.eva.vtiger.Util.WebUtil.createExtendReports(String)&quot; because &quot;this.util&quot; is null
	at com.eva.vtiger.BaseTest.BaseTest.connectToDB(BaseTest.java:48)
... Removed 24 stack frames</div></td></tr></table><p class="totop"><a href="#summary">back to summary</a></p>
<h3 id="m1">com.eva.vtiger.testscript.smoke1.LeadsSmokeTestCase1#afterClass</h3><table class="result"><tr><th class="invisible"/></tr></table><p class="totop"><a href="#summary">back to summary</a></p>
<h3 id="m2">com.eva.vtiger.testscript.smoke1.LeadsSmokeTestCase1#afterTestCase</h3><table class="result"><tr><th class="invisible"/></tr></table><p class="totop"><a href="#summary">back to summary</a></p>
<h3 id="m3">com.eva.vtiger.testscript.smoke1.LeadsSmokeTestCase1#beforeClass</h3><table class="result"><tr><th class="invisible"/></tr></table><p class="totop"><a href="#summary">back to summary</a></p>
<h3 id="m4">com.eva.vtiger.testscript.smoke1.LeadsSmokeTestCase1#disconnectFromDB</h3><table class="result"><tr><th class="invisible"/></tr></table><p class="totop"><a href="#summary">back to summary</a></p>
<h3 id="m5">com.eva.vtiger.testscript.smoke1.LeadsSmokeTestCase1#hitURLAndLogin</h3><table class="result"><tr><th class="invisible"/></tr></table><p class="totop"><a href="#summary">back to summary</a></p>
<h3 id="m6">com.eva.vtiger.testscript.smoke1.LeadsSmokeTestCase1#verifySearchLeads</h3><table class="result"><tr><th>Exception</th></tr><tr><td><div class="stacktrace">java.lang.NullPointerException: Cannot invoke &quot;com.eva.vtiger.Util.WebUtil.createExtendReports(String)&quot; because &quot;this.util&quot; is null
	at com.eva.vtiger.BaseTest.BaseTest.connectToDB(BaseTest.java:48)
... Removed 24 stack frames</div></td></tr></table><p class="totop"><a href="#summary">back to summary</a></p>
<h2>run on chrome</h2><h3 id="m7">com.eva.vtiger.testscript.smoke1.ContactsSmokeTestCase1#afterTestCase</h3><table class="result"><tr class="param"><th>Parameter #1</th><th>Parameter #2</th></tr><tr class="param stripe"><td>[TestResult name=verifyCreateContacts status=FAILURE method=ContactsSmokeTestCase1.verifyCreateContacts()[pri:0, instance:com.eva.vtiger.testscript.smoke1.ContactsSmokeTestCase1@75d4a5c2] output={null}]</td><td>public void com.eva.vtiger.testscript.smoke1.ContactsSmokeTestCase1.verifyCreateContacts()</td></tr><tr><th colspan="2">Exception</th></tr><tr><td colspan="2"><div class="stacktrace">org.openqa.selenium.NoSuchWindowException: no such window: target window already closed
from unknown error: web view not found
  (Session info: chrome=127.0.6533.88)
Build info: version: &apos;4.21.0&apos;, revision: &apos;79ed462ef4&apos;
System info: os.name: &apos;Windows 10&apos;, os.arch: &apos;amd64&apos;, os.version: &apos;10.0&apos;, java.version: &apos;17.0.0.1&apos;
Driver info: org.openqa.selenium.chrome.ChromeDriver
Command: [73d2237e67020f1ee56fb661c06b9ea6, screenshot {}]
Capabilities {acceptInsecureCerts: false, browserName: chrome, browserVersion: 127.0.6533.88, chrome: {chromedriverVersion: 127.0.6533.88 (a2d0cb026721..., userDataDir: C:\Users\Hacker\AppData\Loc...}, fedcm:accounts: true, goog:chromeOptions: {debuggerAddress: localhost:52581}, networkConnectionEnabled: false, pageLoadStrategy: normal, platformName: windows, proxy: Proxy(), se:cdp: ws://localhost:52581/devtoo..., se:cdpVersion: 127.0.6533.88, setWindowRect: true, strictFileInteractability: false, timeouts: {implicit: 0, pageLoad: 300000, script: 30000}, unhandledPromptBehavior: dismiss and notify, webauthn:extension:credBlob: true, webauthn:extension:largeBlob: true, webauthn:extension:minPinLength: true, webauthn:extension:prf: true, webauthn:virtualAuthenticators: true}
Session ID: 73d2237e67020f1ee56fb661c06b9ea6
	at org.openqa.selenium.remote.ErrorCodec.decode(ErrorCodec.java:167)
	at org.openqa.selenium.remote.codec.w3c.W3CHttpResponseCodec.decode(W3CHttpResponseCodec.java:138)
	at org.openqa.selenium.remote.codec.w3c.W3CHttpResponseCodec.decode(W3CHttpResponseCodec.java:50)
	at org.openqa.selenium.remote.HttpCommandExecutor.execute(HttpCommandExecutor.java:190)
	at org.openqa.selenium.remote.service.DriverCommandExecutor.invokeExecute(DriverCommandExecutor.java:216)
	at org.openqa.selenium.remote.service.DriverCommandExecutor.execute(DriverCommandExecutor.java:174)
	at org.openqa.selenium.remote.RemoteWebDriver.execute(RemoteWebDriver.java:518)
	at org.openqa.selenium.remote.RemoteWebDriver.execute(RemoteWebDriver.java:591)
	at org.openqa.selenium.remote.RemoteWebDriver.execute(RemoteWebDriver.java:595)
	at org.openqa.selenium.remote.RemoteWebDriver.getScreenshotAs(RemoteWebDriver.java:321)
	at com.eva.vtiger.Util.WebUtil.takeScreenShot(WebUtil.java:260)
	at com.eva.vtiger.BaseTest.BaseTest.afterTestCase(BaseTest.java:86)
	at java.base/java.util.ArrayList.forEach(ArrayList.java:1511)
... Removed 37 stack frames</div></td></tr></table><p class="totop"><a href="#summary">back to summary</a></p>
<h3 id="m8">com.eva.vtiger.testscript.smoke1.ContactsSmokeTestCase1#verifyCreateContacts</h3><table class="result"><tr><th>Exception</th></tr><tr><td><div class="stacktrace">org.openqa.selenium.NoSuchWindowException: no such window: target window already closed
from unknown error: web view not found
  (Session info: chrome=127.0.6533.88)
Build info: version: &apos;4.21.0&apos;, revision: &apos;79ed462ef4&apos;
System info: os.name: &apos;Windows 10&apos;, os.arch: &apos;amd64&apos;, os.version: &apos;10.0&apos;, java.version: &apos;17.0.0.1&apos;
Driver info: org.openqa.selenium.chrome.ChromeDriver
Command: [73d2237e67020f1ee56fb661c06b9ea6, getAlertText {}]
Capabilities {acceptInsecureCerts: false, browserName: chrome, browserVersion: 127.0.6533.88, chrome: {chromedriverVersion: 127.0.6533.88 (a2d0cb026721..., userDataDir: C:\Users\Hacker\AppData\Loc...}, fedcm:accounts: true, goog:chromeOptions: {debuggerAddress: localhost:52581}, networkConnectionEnabled: false, pageLoadStrategy: normal, platformName: windows, proxy: Proxy(), se:cdp: ws://localhost:52581/devtoo..., se:cdpVersion: 127.0.6533.88, setWindowRect: true, strictFileInteractability: false, timeouts: {implicit: 0, pageLoad: 300000, script: 30000}, unhandledPromptBehavior: dismiss and notify, webauthn:extension:credBlob: true, webauthn:extension:largeBlob: true, webauthn:extension:minPinLength: true, webauthn:extension:prf: true, webauthn:virtualAuthenticators: true}
Session ID: 73d2237e67020f1ee56fb661c06b9ea6
	at org.openqa.selenium.remote.ErrorCodec.decode(ErrorCodec.java:167)
	at org.openqa.selenium.remote.codec.w3c.W3CHttpResponseCodec.decode(W3CHttpResponseCodec.java:138)
	at org.openqa.selenium.remote.codec.w3c.W3CHttpResponseCodec.decode(W3CHttpResponseCodec.java:50)
	at org.openqa.selenium.remote.HttpCommandExecutor.execute(HttpCommandExecutor.java:190)
	at org.openqa.selenium.remote.service.DriverCommandExecutor.invokeExecute(DriverCommandExecutor.java:216)
	at org.openqa.selenium.remote.service.DriverCommandExecutor.execute(DriverCommandExecutor.java:174)
	at org.openqa.selenium.remote.RemoteWebDriver.execute(RemoteWebDriver.java:518)
	at org.openqa.selenium.remote.RemoteWebDriver.execute(RemoteWebDriver.java:591)
	at org.openqa.selenium.remote.RemoteWebDriver.execute(RemoteWebDriver.java:595)
	at org.openqa.selenium.remote.RemoteWebDriver$RemoteTargetLocator.alert(RemoteWebDriver.java:1163)
	at com.eva.vtiger.Util.WebUtil.alertHandle(WebUtil.java:811)
	at com.eva.vtiger.pages.CreateContactsPage.fillupContactsInfo(CreateContactsPage.java:45)
	at com.eva.vtiger.testscript.smoke1.ContactsSmokeTestCase1.verifyCreateContacts(ContactsSmokeTestCase1.java:42)
	at java.base/java.util.ArrayList.forEach(ArrayList.java:1511)
... Removed 32 stack frames</div></td></tr></table><p class="totop"><a href="#summary">back to summary</a></p>
<h3 id="m9">com.eva.vtiger.testscript.smoke1.ContactsSmokeTestCase1#afterClass</h3><table class="result"><tr><th class="invisible"/></tr></table><p class="totop"><a href="#summary">back to summary</a></p>
<h3 id="m10">com.eva.vtiger.testscript.smoke1.ContactsSmokeTestCase1#afterTestCase</h3><table class="result"><tr><th class="invisible"/></tr></table><p class="totop"><a href="#summary">back to summary</a></p>
<h3 id="m11">com.eva.vtiger.testscript.smoke1.ContactsSmokeTestCase1#afterTestCase</h3><table class="result"><tr><th class="invisible"/></tr></table><p class="totop"><a href="#summary">back to summary</a></p>
<h3 id="m12">com.eva.vtiger.testscript.smoke1.ContactsSmokeTestCase1#afterTestCase</h3><table class="result"><tr><th class="invisible"/></tr></table><p class="totop"><a href="#summary">back to summary</a></p>
<h3 id="m13">com.eva.vtiger.testscript.smoke1.ContactsSmokeTestCase1#hitURLAndLogin</h3><table class="result"><tr><th class="invisible"/></tr></table><p class="totop"><a href="#summary">back to summary</a></p>
<h3 id="m14">com.eva.vtiger.testscript.smoke1.ContactsSmokeTestCase1#hitURLAndLogin</h3><table class="result"><tr><th class="invisible"/></tr></table><p class="totop"><a href="#summary">back to summary</a></p>
<h3 id="m15">com.eva.vtiger.testscript.smoke1.ContactsSmokeTestCase1#hitURLAndLogin</h3><table class="result"><tr><th class="invisible"/></tr></table><p class="totop"><a href="#summary">back to summary</a></p>
<h3 id="m16">com.eva.vtiger.testscript.smoke1.ContactsSmokeTestCase1#verifyDeleteContacts</h3><table class="result"><tr><th>Exception</th></tr><tr><td><div class="stacktrace">org.openqa.selenium.NoSuchWindowException: no such window: target window already closed
from unknown error: web view not found
  (Session info: chrome=127.0.6533.88)
Build info: version: &apos;4.21.0&apos;, revision: &apos;79ed462ef4&apos;
System info: os.name: &apos;Windows 10&apos;, os.arch: &apos;amd64&apos;, os.version: &apos;10.0&apos;, java.version: &apos;17.0.0.1&apos;
Driver info: org.openqa.selenium.chrome.ChromeDriver
Command: [73d2237e67020f1ee56fb661c06b9ea6, screenshot {}]
Capabilities {acceptInsecureCerts: false, browserName: chrome, browserVersion: 127.0.6533.88, chrome: {chromedriverVersion: 127.0.6533.88 (a2d0cb026721..., userDataDir: C:\Users\Hacker\AppData\Loc...}, fedcm:accounts: true, goog:chromeOptions: {debuggerAddress: localhost:52581}, networkConnectionEnabled: false, pageLoadStrategy: normal, platformName: windows, proxy: Proxy(), se:cdp: ws://localhost:52581/devtoo..., se:cdpVersion: 127.0.6533.88, setWindowRect: true, strictFileInteractability: false, timeouts: {implicit: 0, pageLoad: 300000, script: 30000}, unhandledPromptBehavior: dismiss and notify, webauthn:extension:credBlob: true, webauthn:extension:largeBlob: true, webauthn:extension:minPinLength: true, webauthn:extension:prf: true, webauthn:virtualAuthenticators: true}
Session ID: 73d2237e67020f1ee56fb661c06b9ea6
	at org.openqa.selenium.remote.ErrorCodec.decode(ErrorCodec.java:167)
	at org.openqa.selenium.remote.codec.w3c.W3CHttpResponseCodec.decode(W3CHttpResponseCodec.java:138)
	at org.openqa.selenium.remote.codec.w3c.W3CHttpResponseCodec.decode(W3CHttpResponseCodec.java:50)
	at org.openqa.selenium.remote.HttpCommandExecutor.execute(HttpCommandExecutor.java:190)
	at org.openqa.selenium.remote.service.DriverCommandExecutor.invokeExecute(DriverCommandExecutor.java:216)
	at org.openqa.selenium.remote.service.DriverCommandExecutor.execute(DriverCommandExecutor.java:174)
	at org.openqa.selenium.remote.RemoteWebDriver.execute(RemoteWebDriver.java:518)
	at org.openqa.selenium.remote.RemoteWebDriver.execute(RemoteWebDriver.java:591)
	at org.openqa.selenium.remote.RemoteWebDriver.execute(RemoteWebDriver.java:595)
	at org.openqa.selenium.remote.RemoteWebDriver.getScreenshotAs(RemoteWebDriver.java:321)
	at com.eva.vtiger.Util.WebUtil.takeScreenShot(WebUtil.java:260)
	at com.eva.vtiger.BaseTest.BaseTest.afterTestCase(BaseTest.java:86)
	at java.base/java.util.ArrayList.forEach(ArrayList.java:1511)
... Removed 37 stack frames</div></td></tr></table><p class="totop"><a href="#summary">back to summary</a></p>
<h3 id="m17">com.eva.vtiger.testscript.smoke1.ContactsSmokeTestCase1#verifyDetailContacts</h3><table class="result"><tr><th>Exception</th></tr><tr><td><div class="stacktrace">org.openqa.selenium.NoSuchWindowException: no such window: target window already closed
from unknown error: web view not found
  (Session info: chrome=127.0.6533.88)
Build info: version: &apos;4.21.0&apos;, revision: &apos;79ed462ef4&apos;
System info: os.name: &apos;Windows 10&apos;, os.arch: &apos;amd64&apos;, os.version: &apos;10.0&apos;, java.version: &apos;17.0.0.1&apos;
Driver info: org.openqa.selenium.chrome.ChromeDriver
Command: [73d2237e67020f1ee56fb661c06b9ea6, screenshot {}]
Capabilities {acceptInsecureCerts: false, browserName: chrome, browserVersion: 127.0.6533.88, chrome: {chromedriverVersion: 127.0.6533.88 (a2d0cb026721..., userDataDir: C:\Users\Hacker\AppData\Loc...}, fedcm:accounts: true, goog:chromeOptions: {debuggerAddress: localhost:52581}, networkConnectionEnabled: false, pageLoadStrategy: normal, platformName: windows, proxy: Proxy(), se:cdp: ws://localhost:52581/devtoo..., se:cdpVersion: 127.0.6533.88, setWindowRect: true, strictFileInteractability: false, timeouts: {implicit: 0, pageLoad: 300000, script: 30000}, unhandledPromptBehavior: dismiss and notify, webauthn:extension:credBlob: true, webauthn:extension:largeBlob: true, webauthn:extension:minPinLength: true, webauthn:extension:prf: true, webauthn:virtualAuthenticators: true}
Session ID: 73d2237e67020f1ee56fb661c06b9ea6
	at org.openqa.selenium.remote.ErrorCodec.decode(ErrorCodec.java:167)
	at org.openqa.selenium.remote.codec.w3c.W3CHttpResponseCodec.decode(W3CHttpResponseCodec.java:138)
	at org.openqa.selenium.remote.codec.w3c.W3CHttpResponseCodec.decode(W3CHttpResponseCodec.java:50)
	at org.openqa.selenium.remote.HttpCommandExecutor.execute(HttpCommandExecutor.java:190)
	at org.openqa.selenium.remote.service.DriverCommandExecutor.invokeExecute(DriverCommandExecutor.java:216)
	at org.openqa.selenium.remote.service.DriverCommandExecutor.execute(DriverCommandExecutor.java:174)
	at org.openqa.selenium.remote.RemoteWebDriver.execute(RemoteWebDriver.java:518)
	at org.openqa.selenium.remote.RemoteWebDriver.execute(RemoteWebDriver.java:591)
	at org.openqa.selenium.remote.RemoteWebDriver.execute(RemoteWebDriver.java:595)
	at org.openqa.selenium.remote.RemoteWebDriver.getScreenshotAs(RemoteWebDriver.java:321)
	at com.eva.vtiger.Util.WebUtil.takeScreenShot(WebUtil.java:260)
	at com.eva.vtiger.BaseTest.BaseTest.afterTestCase(BaseTest.java:86)
	at java.base/java.util.ArrayList.forEach(ArrayList.java:1511)
... Removed 37 stack frames</div></td></tr></table><p class="totop"><a href="#summary">back to summary</a></p>
<h3 id="m18">com.eva.vtiger.testscript.smoke1.ContactsSmokeTestCase1#verifySearchContacts</h3><table class="result"><tr><th>Exception</th></tr><tr><td><div class="stacktrace">org.openqa.selenium.NoSuchWindowException: no such window: target window already closed
from unknown error: web view not found
  (Session info: chrome=127.0.6533.88)
Build info: version: &apos;4.21.0&apos;, revision: &apos;79ed462ef4&apos;
System info: os.name: &apos;Windows 10&apos;, os.arch: &apos;amd64&apos;, os.version: &apos;10.0&apos;, java.version: &apos;17.0.0.1&apos;
Driver info: org.openqa.selenium.chrome.ChromeDriver
Command: [73d2237e67020f1ee56fb661c06b9ea6, screenshot {}]
Capabilities {acceptInsecureCerts: false, browserName: chrome, browserVersion: 127.0.6533.88, chrome: {chromedriverVersion: 127.0.6533.88 (a2d0cb026721..., userDataDir: C:\Users\Hacker\AppData\Loc...}, fedcm:accounts: true, goog:chromeOptions: {debuggerAddress: localhost:52581}, networkConnectionEnabled: false, pageLoadStrategy: normal, platformName: windows, proxy: Proxy(), se:cdp: ws://localhost:52581/devtoo..., se:cdpVersion: 127.0.6533.88, setWindowRect: true, strictFileInteractability: false, timeouts: {implicit: 0, pageLoad: 300000, script: 30000}, unhandledPromptBehavior: dismiss and notify, webauthn:extension:credBlob: true, webauthn:extension:largeBlob: true, webauthn:extension:minPinLength: true, webauthn:extension:prf: true, webauthn:virtualAuthenticators: true}
Session ID: 73d2237e67020f1ee56fb661c06b9ea6
	at org.openqa.selenium.remote.ErrorCodec.decode(ErrorCodec.java:167)
	at org.openqa.selenium.remote.codec.w3c.W3CHttpResponseCodec.decode(W3CHttpResponseCodec.java:138)
	at org.openqa.selenium.remote.codec.w3c.W3CHttpResponseCodec.decode(W3CHttpResponseCodec.java:50)
	at org.openqa.selenium.remote.HttpCommandExecutor.execute(HttpCommandExecutor.java:190)
	at org.openqa.selenium.remote.service.DriverCommandExecutor.invokeExecute(DriverCommandExecutor.java:216)
	at org.openqa.selenium.remote.service.DriverCommandExecutor.execute(DriverCommandExecutor.java:174)
	at org.openqa.selenium.remote.RemoteWebDriver.execute(RemoteWebDriver.java:518)
	at org.openqa.selenium.remote.RemoteWebDriver.execute(RemoteWebDriver.java:591)
	at org.openqa.selenium.remote.RemoteWebDriver.execute(RemoteWebDriver.java:595)
	at org.openqa.selenium.remote.RemoteWebDriver.getScreenshotAs(RemoteWebDriver.java:321)
	at com.eva.vtiger.Util.WebUtil.takeScreenShot(WebUtil.java:260)
	at com.eva.vtiger.BaseTest.BaseTest.afterTestCase(BaseTest.java:86)
	at java.base/java.util.ArrayList.forEach(ArrayList.java:1511)
... Removed 37 stack frames</div></td></tr></table><p class="totop"><a href="#summary">back to summary</a></p>
</body>
</html>
